M:0(0)
-
K:1(1)
-
E:2(2)
-
Z:3(3)
-
D:4(4)
-
L:5(5)
-
G:6(6)
-
L:7(7)
-
Y:8(8)
-
R:9(9)
-
C:10(10)
-
H:11(11)
-
G:12(12)
-
Y:13(13)
-
F:14(14)
-
E:15(15)
-
O:16(16)
-
F:17(17)
-
L:18(18)
-
G:19(19)
-
B:20(20)
-
N:21(21)
-
H:22(22)
-
N:23(23)
-
L:24(24)
-
V:25(25)
-
A:26(26)
-
L:27(27)
-
K:28(28)
-
K:29(29)
-
C:30(30)
-
J:31(31)
-
R:32(32)
-
X:33(33)
-
E:34(34)
-
L:35(35)
-
N:36(36)
-
P:37(37)
-
C:38(38)
-
V:39(39)
-
Q:40(40)
-
N:41(41)
-
E:42(42)
-
D:43(43)
-
O:44(44)
-
M:45(45)
-
Y:46(46)
-
M:47(47)
-
U:48(48)
-
I:49(49)