W:0(0)
-
C:1(1)
-
Q:2(2)
-
L:3(3)
-
E:4(4)
-
M:5(5)
-
N:6(6)
-
F:7(7)
-
V:8(8)
-
E:9(9)
-
F:10(10)
-
L:11(11)
-
O:12(12)
-
D:13(13)
-
C:14(14)
-
T:15(15)
-
Z:16(16)
-
V:17(17)
-
J:18(18)
-
L:19(19)
-
O:20(20)
-
G:21(21)
-
X:22(22)
-
L:23(23)
-
R:24(24)
-
W:25(25)
-
J:26(26)
-
A:27(27)
-
R:28(28)
-
X:29(29)
-
D:30(30)
-
T:31(31)
-
Z:32(32)
-
P:33(33)
-
Y:34(34)
-
G:35(35)
-
I:36(36)
-
L:37(37)
-
W:38(38)
-
U:39(39)
-
K:40(40)
-
R:41(41)
-
E:42(42)
-
L:43(43)
-
L:44(44)
-
N:45(45)
-
N:46(46)
-
N:47(47)
-
H:48(48)
-
G:49(49)
-
M:50(50)
-
T:51(51)
-
W:52(52)
-
W:53(53)
-
L:54(54)
-
X:55(55)
-
A:56(56)
-
Y:57(57)
-
J:58(58)
-
D:59(59)
-
D:60(60)
-
W:61(61)
-
Z:62(62)
-
P:63(63)
-
F:64(64)
-
R:65(65)
-
G:66(66)
-
K:67(67)
-
Y:68(68)
-
N:69(69)
-
X:70(70)
-
X:71(71)
-
K:72(72)
-
B:73(73)
-
T:74(74)
-
K:75(75)
-
Q:76(76)
-
S:77(77)
-
V:78(78)
-
W:79(79)
-
Y:80(80)
-
W:81(81)
-
V:82(82)
-
O:83(83)
-
H:84(84)
-
B:85(85)
-
H:86(86)
-
D:87(87)
-
L:88(88)
-
L:89(89)
-
L:90(90)
-
M:91(91)
-
Z:92(92)
-
T:93(93)
-
R:94(94)
-
Z:95(95)
-
N:96(96)
-
T:97(97)
-
V:98(98)
-
A:99(99)