R:0(0)
-
Z:1(1)
-
V:2(2)
-
Q:3(3)
-
R:4(4)
-
Y:5(5)
-
Q:6(6)
-
U:7(7)
-
X:8(8)
-
L:9(9)
-
S:10(10)
-
T:11(11)
-
Z:12(12)
-
Q:13(13)
-
P:14(14)
-
E:15(15)
-
H:16(16)
-
B:17(17)
-
A:18(18)
-
K:19(19)
-
L:20(20)
-
R:21(21)
-
W:22(22)
-
X:23(23)
-
B:24(24)
-
Q:25(25)
-
R:26(26)
-
W:27(27)
-
P:28(28)
-
F:29(29)
-
Y:30(30)
-
G:31(31)
-
B:32(32)
-
S:33(33)
-
Y:34(34)
-
Z:35(35)
-
L:36(36)
-
K:37(37)
-
T:38(38)
-
H:39(39)
-
B:40(40)
-
H:41(41)
-
L:42(42)
-
C:43(43)
-
F:44(44)
-
D:45(45)
-
A:46(46)
-
N:47(47)
-
C:48(48)
-
H:49(49)
-
C:50(50)
-
Q:51(51)
-
R:52(52)
-
H:53(53)
-
F:54(54)
-
D:55(55)
-
C:56(56)
-
W:57(57)
-
E:58(58)
-
A:59(59)
-
S:60(60)
-
L:61(61)
-
U:62(62)
-
F:63(63)
-
H:64(64)
-
A:65(65)
-
B:66(66)
-
J:67(67)
-
Z:68(68)
-
Z:69(69)
-
U:70(70)
-
F:71(71)
-
L:72(72)
-
Y:73(73)
-
O:74(74)
-
P:75(75)
-
M:76(76)
-
L:77(77)
-
K:78(78)
-
E:79(79)
-
V:80(80)
-
L:81(81)
-
Q:82(82)
-
Y:83(83)
-
E:84(84)
-
I:85(85)
-
S:86(86)
-
E:87(87)
-
A:88(88)
-
N:89(89)
-
P:90(90)
-
V:91(91)
-
L:92(92)
-
H:93(93)
-
N:94(94)
-
F:95(95)
-
M:96(96)
-
U:97(97)
-
U:98(98)
-
G:99(99)
-
R:100(100)
-
I:101(101)
-
O:102(102)
-
V:103(103)
-
H:104(104)
-
O:105(105)
-
G:106(106)
-
T:107(107)
-
K:108(108)
-
P:109(109)
-
H:110(110)
-
D:111(111)
-
H:112(112)
-
R:113(113)
-
X:114(114)
-
N:115(115)
-
E:116(116)
-
R:117(117)
-
G:118(118)
-
Q:119(119)
-
M:120(120)
-
X:121(121)
-
T:122(122)
-
Y:123(123)
-
E:124(124)
-
R:125(125)
-
Q:126(126)
-
X:127(127)
-
B:128(128)
-
P:129(129)
-
N:130(130)
-
R:131(131)
-
V:132(132)
-
I:133(133)
-
G:134(134)
-
V:135(135)
-
G:136(136)
-
H:137(137)
-
E:138(138)
-
G:139(139)
-
T:140(140)
-
T:141(141)
-
T:142(142)
-
Y:143(143)
-
O:144(144)
-
P:145(145)
-
V:146(146)
-
V:147(147)
-
W:148(148)
-
N:149(149)
-
K:150(150)
-
Z:151(151)
-
D:152(152)
-
W:153(153)
-
D:154(154)
-
Z:155(155)
-
W:156(156)
-
O:157(157)
-
T:158(158)
-
R:159(159)
-
J:160(160)
-
Q:161(161)
-
Q:162(162)
-
R:163(163)
-
Z:164(164)
-
Q:165(165)
-
G:166(166)
-
L:167(167)
-
T:168(168)
-
V:169(169)
-
V:170(170)
-
O:171(171)
-
J:172(172)
-
E:173(173)
-
S:174(174)
-
Z:175(175)
-
E:176(176)
-
W:177(177)
-
Q:178(178)
-
B:179(179)
-
V:180(180)
-
E:181(181)
-
K:182(182)
-
J:183(183)
-
C:184(184)
-
W:185(185)
-
X:186(186)
-
B:187(187)
-
A:188(188)
-
C:189(189)
-
X:190(190)
-
O:191(191)
-
W:192(192)
-
X:193(193)
-
R:194(194)
-
U:195(195)
-
T:196(196)
-
Y:197(197)
-
H:198(198)
-
X:199(199)
-
U:200(200)
-
L:201(201)
-
U:202(202)
-
W:203(203)
-
K:204(204)
-
S:205(205)
-
X:206(206)
-
U:207(207)
-
E:208(208)
-
T:209(209)
-
B:210(210)
-
U:211(211)
-
N:212(212)
-
E:213(213)
-
I:214(214)
-
O:215(215)
-
C:216(216)
-
P:217(217)
-
U:218(218)
-
D:219(219)
-
U:220(220)
-
J:221(221)
-
L:222(222)
-
R:223(223)
-
W:224(224)
-
A:225(225)
-
V:226(226)
-
O:227(227)
-
Y:228(228)
-
M:229(229)
-
V:230(230)
-
O:231(231)
-
K:232(232)
-
X:233(233)
-
K:234(234)
-
G:235(235)
-
R:236(236)
-
G:237(237)
-
J:238(238)
-
D:239(239)
-
V:240(240)
-
L:241(241)
-
E:242(242)
-
B:243(243)
-
Q:244(244)
-
R:245(245)
-
G:246(246)
-
V:247(247)
-
F:248(248)
-
X:249(249)
-
P:250(250)
-
E:251(251)
-
G:252(252)
-
O:253(253)
-
R:254(254)
-
E:255(255)
-
E:256(256)
-
M:257(257)
-
K:258(258)
-
P:259(259)
-
S:260(260)
-
S:261(261)
-
O:262(262)
-
B:263(263)
-
I:264(264)
-
M:265(265)
-
T:266(266)
-
C:267(267)
-
B:268(268)
-
W:269(269)
-
S:270(270)
-
T:271(271)
-
Z:272(272)
-
G:273(273)
-
Q:274(274)
-
K:275(275)
-
P:276(276)
-
W:277(277)
-
Y:278(278)
-
T:279(279)
-
H:280(280)
-
T:281(281)
-
C:282(282)
-
W:283(283)
-
B:284(284)
-
Q:285(285)
-
T:286(286)
-
V:287(287)
-
U:288(288)
-
I:289(289)
-
U:290(290)
-
H:291(291)
-
F:292(292)
-
N:293(293)
-
T:294(294)
-
J:295(295)
-
V:296(296)
-
T:297(297)
-
I:298(298)
-
M:299(299)
-
F:300(300)
-
G:301(301)
-
B:302(302)
-
C:303(303)
-
O:304(304)
-
V:305(305)
-
N:306(306)
-
A:307(307)
-
O:308(308)
-
Y:309(309)
-
F:310(310)
-
F:311(311)
-
S:312(312)
-
K:313(313)
-
G:314(314)
-
D:315(315)
-
L:316(316)
-
Y:317(317)
-
F:318(318)
-
G:319(319)
-
B:320(320)
-
T:321(321)
-
Z:322(322)
-
H:323(323)
-
Z:324(324)
-
Z:325(325)
-
R:326(326)
-
S:327(327)
-
K:328(328)
-
W:329(329)
-
X:330(330)
-
S:331(331)
-
L:332(332)
-
D:333(333)
-
S:334(334)
-
I:335(335)
-
F:336(336)
-
G:337(337)
-
A:338(338)
-
V:339(339)
-
L:340(340)
-
D:341(341)
-
H:342(342)
-
I:343(343)
-
K:344(344)
-
O:345(345)
-
O:346(346)
-
C:347(347)
-
F:348(348)
-
I:349(349)
-
K:350(350)
-
P:351(351)
-
S:352(352)
-
S:353(353)
-
F:354(354)
-
H:355(355)
-
A:356(356)
-
Q:357(357)
-
K:358(358)
-
K:359(359)
-
D:360(360)
-
G:361(361)
-
P:362(362)
-
B:363(363)
-
Q:364(364)
-
H:365(365)
-
C:366(366)
-
G:367(367)
-
K:368(368)
-
P:369(369)
-
W:370(370)
-
T:371(371)
-
N:372(372)
-
C:373(373)
-
Y:374(374)
-
J:375(375)
-
N:376(376)
-
S:377(377)
-
M:378(378)
-
O:379(379)
-
F:380(380)
-
Q:381(381)
-
B:382(382)
-
W:383(383)
-
L:384(384)
-
A:385(385)
-
U:386(386)
-
X:387(387)
-
D:388(388)
-
U:389(389)
-
D:390(390)
-
N:391(391)
-
Q:392(392)
-
L:393(393)
-
Z:394(394)
-
R:395(395)
-
X:396(396)
-
V:397(397)
-
D:398(398)
-
V:399(399)
-
I:400(400)
-
G:401(401)
-
J:402(402)
-
G:403(403)
-
Y:404(404)
-
R:405(405)
-
A:406(406)
-
I:407(407)
-
F:408(408)
-
B:409(409)
-
P:410(410)
-
Y:411(411)
-
W:412(412)
-
X:413(413)
-
T:414(414)
-
Y:415(415)
-
X:416(416)
-
X:417(417)
-
P:418(418)
-
E:419(419)
-
P:420(420)
-
M:421(421)
-
G:422(422)
-
Q:423(423)
-
K:424(424)
-
J:425(425)
-
Z:426(426)
-
X:427(427)
-
C:428(428)
-
A:429(429)
-
K:430(430)
-
X:431(431)
-
D:432(432)
-
K:433(433)
-
T:434(434)
-
H:435(435)
-
Q:436(436)
-
Z:437(437)
-
F:438(438)
-
L:439(439)
-
D:440(440)
-
R:441(441)
-
V:442(442)
-
W:443(443)
-
L:444(444)
-
D:445(445)
-
C:446(446)
-
Y:447(447)
-
A:448(448)
-
N:449(449)
-
C:450(450)
-
D:451(451)
-
P:452(452)
-
N:453(453)
-
E:454(454)
-
Q:455(455)
-
N:456(456)
-
Y:457(457)
-
T:458(458)
-
T:459(459)
-
S:460(460)
-
I:461(461)
-
Z:462(462)
-
R:463(463)
-
C:464(464)
-
L:465(465)
-
U:466(466)
-
W:467(467)
-
H:468(468)
-
Z:469(469)
-
K:470(470)
-
S:471(471)
-
V:472(472)
-
R:473(473)
-
O:474(474)
-
R:475(475)
-
H:476(476)
-
V:477(477)
-
H:478(478)
-
O:479(479)
-
M:480(480)
-
T:481(481)
-
F:482(482)
-
B:483(483)
-
J:484(484)
-
J:485(485)
-
D:486(486)
-
T:487(487)
-
E:488(488)
-
Z:489(489)
-
P:490(490)
-
Y:491(491)
-
J:492(492)
-
Y:493(493)
-
M:494(494)
-
Z:495(495)
-
C:496(496)
-
S:497(497)
-
G:498(498)
-
P:499(499)
-
G:500(500)
-
Q:501(501)
-
B:502(502)
-
C:503(503)
-
D:504(504)
-
I:505(505)
-
O:506(506)
-
V:507(507)
-
T:508(508)
-
A:509(509)
-
J:510(510)
-
N:511(511)
-
K:512(512)
-
R:513(513)
-
N:514(514)
-
Q:515(515)
-
R:516(516)
-
K:517(517)
-
T:518(518)
-
N:519(519)
-
Z:520(520)
-
R:521(521)
-
U:522(522)
-
C:523(523)
-
X:524(524)
-
N:525(525)
-
L:526(526)
-
O:527(527)
-
K:528(528)
-
O:529(529)
-
X:530(530)
-
G:531(531)
-
N:532(532)
-
B:533(533)
-
O:534(534)
-
O:535(535)
-
S:536(536)
-
W:537(537)
-
D:538(538)
-
A:539(539)
-
D:540(540)
-
A:541(541)
-
U:542(542)
-
E:543(543)
-
O:544(544)
-
A:545(545)
-
Q:546(546)
-
M:547(547)
-
Q:548(548)
-
C:549(549)
-
P:550(550)
-
Q:551(551)
-
K:552(552)
-
A:553(553)
-
F:554(554)
-
N:555(555)
-
N:556(556)
-
V:557(557)
-
D:558(558)
-
X:559(559)
-
J:560(560)
-
S:561(561)
-
V:562(562)
-
K:563(563)
-
B:564(564)
-
L:565(565)
-
W:566(566)
-
Z:567(567)
-
Z:568(568)
-
C:569(569)
-
H:570(570)
-
W:571(571)
-
S:572(572)
-
U:573(573)
-
X:574(574)
-
P:575(575)
-
E:576(576)
-
P:577(577)
-
E:578(578)
-
H:579(579)
-
T:580(580)
-
N:581(581)
-
W:582(582)
-
Q:583(583)
-
N:584(584)
-
Y:585(585)
-
D:586(586)
-
Z:587(587)
-
U:588(588)
-
O:589(589)
-
P:590(590)
-
L:591(591)
-
T:592(592)
-
C:593(593)
-
D:594(594)
-
M:595(595)
-
M:596(596)
-
F:597(597)
-
M:598(598)
-
L:599(599)
-
O:600(600)
-
E:601(601)
-
Q:602(602)
-
I:603(603)
-
P:604(604)
-
G:605(605)
-
H:606(606)
-
T:607(607)
-
F:608(608)
-
G:609(609)
-
R:610(610)
-
I:611(611)
-
W:612(612)
-
M:613(613)
-
G:614(614)
-
L:615(615)
-
C:616(616)
-
E:617(617)
-
R:618(618)
-
D:619(619)
-
R:620(620)
-
F:621(621)
-
X:622(622)
-
R:623(623)
-
O:624(624)
-
V:625(625)
-
U:626(626)
-
H:627(627)
-
K:628(628)
-
V:629(629)
-
I:630(630)
-
J:631(631)
-
K:632(632)
-
K:633(633)
-
Z:634(634)
-
B:635(635)
-
U:636(636)
-
B:637(637)
-
B:638(638)
-
O:639(639)
-
F:640(640)
-
O:641(641)
-
T:642(642)
-
T:643(643)
-
G:644(644)
-
O:645(645)
-
E:646(646)
-
R:647(647)
-
K:648(648)
-
I:649(649)
-
Q:650(650)
-
E:651(651)
-
S:652(652)
-
E:653(653)
-
I:654(654)
-
J:655(655)
-
G:656(656)
-
O:657(657)
-
B:658(658)
-
M:659(659)
-
O:660(660)
-
U:661(661)
-
L:662(662)
-
F:663(663)
-
B:664(664)
-
W:665(665)
-
Q:666(666)
-
F:667(667)
-
Y:668(668)
-
D:669(669)
-
Z:670(670)
-
J:671(671)
-
I:672(672)
-
M:673(673)
-
Y:674(674)
-
R:675(675)
-
N:676(676)
-
A:677(677)
-
R:678(678)
-
E:679(679)
-
K:680(680)
-
B:681(681)
-
I:682(682)
-
J:683(683)
-
O:684(684)
-
H:685(685)
-
S:686(686)
-
E:687(687)
-
N:688(688)
-
O:689(689)
-
J:690(690)
-
P:691(691)
-
T:692(692)
-
P:693(693)
-
P:694(694)
-
K:695(695)
-
X:696(696)
-
F:697(697)
-
W:698(698)
-
S:699(699)
-
N:700(700)
-
Z:701(701)
-
X:702(702)
-
U:703(703)
-
Z:704(704)
-
A:705(705)
-
Z:706(706)
-
Y:707(707)
-
X:708(708)
-
U:709(709)
-
J:710(710)
-
T:711(711)
-
P:712(712)
-
R:713(713)
-
R:714(714)
-
H:715(715)
-
O:716(716)
-
I:717(717)
-
B:718(718)
-
P:719(719)
-
A:720(720)
-
D:721(721)
-
O:722(722)
-
P:723(723)
-
O:724(724)
-
W:725(725)
-
H:726(726)
-
A:727(727)
-
V:728(728)
-
B:729(729)
-
G:730(730)
-
K:731(731)
-
F:732(732)
-
C:733(733)
-
Z:734(734)
-
B:735(735)
-
S:736(736)
-
R:737(737)
-
O:738(738)
-
J:739(739)
-
X:740(740)
-
O:741(741)
-
L:742(742)
-
Q:743(743)
-
O:744(744)
-
B:745(745)
-
K:746(746)
-
I:747(747)
-
M:748(748)
-
Y:749(749)
-
I:750(750)
-
I:751(751)
-
C:752(752)
-
Z:753(753)
-
A:754(754)
-
Q:755(755)
-
Z:756(756)
-
G:757(757)
-
L:758(758)
-
E:759(759)
-
L:760(760)
-
N:761(761)
-
Z:762(762)
-
I:763(763)
-
C:764(764)
-
D:765(765)
-
S:766(766)
-
S:767(767)
-
H:768(768)
-
I:769(769)
-
T:770(770)
-
M:771(771)
-
S:772(772)
-
J:773(773)
-
D:774(774)
-
A:775(775)
-
T:776(776)
-
O:777(777)
-
T:778(778)
-
D:779(779)
-
X:780(780)
-
A:781(781)
-
O:782(782)
-
Y:783(783)
-
B:784(784)
-
O:785(785)
-
Z:786(786)
-
U:787(787)
-
X:788(788)
-
G:789(789)
-
S:790(790)
-
E:791(791)
-
P:792(792)
-
D:793(793)
-
P:794(794)
-
I:795(795)
-
T:796(796)
-
G:797(797)
-
A:798(798)
-
O:799(799)
-
U:800(800)
-
V:801(801)
-
S:802(802)
-
P:803(803)
-
U:804(804)
-
O:805(805)
-
B:806(806)
-
S:807(807)
-
C:808(808)
-
D:809(809)
-
V:810(810)
-
W:811(811)
-
P:812(812)
-
D:813(813)
-
Q:814(814)
-
J:815(815)
-
E:816(816)
-
S:817(817)
-
Y:818(818)
-
W:819(819)
-
O:820(820)
-
Z:821(821)
-
L:822(822)
-
Z:823(823)
-
N:824(824)
-
Y:825(825)
-
Y:826(826)
-
Q:827(827)
-
W:828(828)
-
I:829(829)
-
H:830(830)
-
T:831(831)
-
H:832(832)
-
J:833(833)
-
Z:834(834)
-
D:835(835)
-
U:836(836)
-
X:837(837)
-
E:838(838)
-
I:839(839)
-
S:840(840)
-
T:841(841)
-
S:842(842)
-
I:843(843)
-
R:844(844)
-
K:845(845)
-
R:846(846)
-
Q:847(847)
-
I:848(848)
-
K:849(849)
-
Z:850(850)
-
H:851(851)
-
F:852(852)
-
A:853(853)
-
Y:854(854)
-
D:855(855)
-
E:856(856)
-
R:857(857)
-
X:858(858)
-
L:859(859)
-
A:860(860)
-
G:861(861)
-
A:862(862)
-
H:863(863)
-
I:864(864)
-
A:865(865)
-
E:866(866)
-
P:867(867)
-
M:868(868)
-
B:869(869)
-
N:870(870)
-
J:871(871)
-
U:872(872)
-
P:873(873)
-
R:874(874)
-
V:875(875)
-
R:876(876)
-
K:877(877)
-
L:878(878)
-
G:879(879)
-
Q:880(880)
-
G:881(881)
-
G:882(882)
-
Z:883(883)
-
W:884(884)
-
G:885(885)
-
O:886(886)
-
S:887(887)
-
B:888(888)
-
S:889(889)
-
E:890(890)
-
Z:891(891)
-
V:892(892)
-
P:893(893)
-
P:894(894)
-
V:895(895)
-
C:896(896)
-
U:897(897)
-
F:898(898)
-
B:899(899)
-
I:900(900)
-
P:901(901)
-
T:902(902)
-
H:903(903)
-
N:904(904)
-
I:905(905)
-
X:906(906)
-
G:907(907)
-
Y:908(908)
-
R:909(909)
-
S:910(910)
-
F:911(911)
-
G:912(912)
-
C:913(913)
-
T:914(914)
-
J:915(915)
-
Y:916(916)
-
F:917(917)
-
V:918(918)
-
J:919(919)
-
S:920(920)
-
S:921(921)
-
A:922(922)
-
V:923(923)
-
H:924(924)
-
M:925(925)
-
E:926(926)
-
K:927(927)
-
F:928(928)
-
S:929(929)
-
H:930(930)
-
B:931(931)
-
Z:932(932)
-
V:933(933)
-
C:934(934)
-
X:935(935)
-
Y:936(936)
-
H:937(937)
-
X:938(938)
-
F:939(939)
-
T:940(940)
-
P:941(941)
-
Y:942(942)
-
L:943(943)
-
C:944(944)
-
M:945(945)
-
J:946(946)
-
Y:947(947)
-
Z:948(948)
-
Q:949(949)
-
K:950(950)
-
N:951(951)
-
H:952(952)
-
A:953(953)
-
E:954(954)
-
T:955(955)
-
J:956(956)
-
V:957(957)
-
K:958(958)
-
Y:959(959)
-
X:960(960)
-
O:961(961)
-
C:962(962)
-
W:963(963)
-
M:964(964)
-
S:965(965)
-
F:966(966)
-
B:967(967)
-
B:968(968)
-
G:969(969)
-
B:970(970)
-
K:971(971)
-
M:972(972)
-
Y:973(973)
-
S:974(974)
-
O:975(975)
-
G:976(976)
-
Z:977(977)
-
F:978(978)
-
O:979(979)
-
I:980(980)
-
I:981(981)
-
Q:982(982)
-
T:983(983)
-
O:984(984)
-
V:985(985)
-
C:986(986)
-
R:987(987)
-
W:988(988)
-
K:989(989)
-
U:990(990)
-
O:991(991)
-
T:992(992)
-
X:993(993)
-
V:994(994)
-
R:995(995)
-
Z:996(996)
-
S:997(997)
-
F:998(998)
-
I:999(999)
-
O:1000(1000)
-
B:1001(1001)
-
J:1002(1002)
-
S:1003(1003)
-
F:1004(1004)
-
N:1005(1005)
-
U:1006(1006)
-
L:1007(1007)
-
P:1008(1008)
-
X:1009(1009)
-
D:1010(1010)
-
H:1011(1011)
-
Q:1012(1012)
-
M:1013(1013)
-
E:1014(1014)
-
J:1015(1015)
-
D:1016(1016)
-
S:1017(1017)
-
E:1018(1018)
-
L:1019(1019)
-
Y:1020(1020)
-
X:1021(1021)
-
K:1022(1022)
-
T:1023(1023)
-
V:1024(1024)
-
G:1025(1025)
-
Y:1026(1026)
-
B:1027(1027)
-
Q:1028(1028)
-
Z:1029(1029)
-
Z:1030(1030)
-
Q:1031(1031)
-
L:1032(1032)
-
Y:1033(1033)
-
C:1034(1034)
-
Z:1035(1035)
-
Y:1036(1036)
-
P:1037(1037)
-
T:1038(1038)
-
D:1039(1039)
-
W:1040(1040)
-
P:1041(1041)
-
P:1042(1042)
-
E:1043(1043)
-
B:1044(1044)
-
Z:1045(1045)
-
I:1046(1046)
-
U:1047(1047)
-
N:1048(1048)
-
S:1049(1049)
-
R:1050(1050)
-
O:1051(1051)
-
S:1052(1052)
-
T:1053(1053)
-
U:1054(1054)
-
M:1055(1055)
-
N:1056(1056)
-
X:1057(1057)
-
T:1058(1058)
-
X:1059(1059)
-
B:1060(1060)
-
M:1061(1061)
-
A:1062(1062)
-
K:1063(1063)
-
A:1064(1064)
-
V:1065(1065)
-
B:1066(1066)
-
L:1067(1067)
-
P:1068(1068)
-
I:1069(1069)
-
O:1070(1070)
-
O:1071(1071)
-
O:1072(1072)
-
B:1073(1073)
-
K:1074(1074)
-
Y:1075(1075)
-
P:1076(1076)
-
K:1077(1077)
-
C:1078(1078)
-
L:1079(1079)
-
L:1080(1080)
-
A:1081(1081)
-
O:1082(1082)
-
G:1083(1083)
-
O:1084(1084)
-
H:1085(1085)
-
L:1086(1086)
-
I:1087(1087)
-
R:1088(1088)
-
T:1089(1089)
-
R:1090(1090)
-
N:1091(1091)
-
C:1092(1092)
-
O:1093(1093)
-
L:1094(1094)
-
D:1095(1095)
-
B:1096(1096)
-
O:1097(1097)
-
V:1098(1098)
-
H:1099(1099)
-
B:1100(1100)
-
K:1101(1101)
-
H:1102(1102)
-
K:1103(1103)
-
K:1104(1104)
-
V:1105(1105)
-
B:1106(1106)
-
N:1107(1107)
-
G:1108(1108)
-
Z:1109(1109)
-
Y:1110(1110)
-
H:1111(1111)
-
B:1112(1112)
-
G:1113(1113)
-
Y:1114(1114)
-
M:1115(1115)
-
C:1116(1116)
-
N:1117(1117)
-
L:1118(1118)
-
W:1119(1119)
-
S:1120(1120)
-
F:1121(1121)
-
G:1122(1122)
-
E:1123(1123)
-
W:1124(1124)
-
G:1125(1125)
-
J:1126(1126)
-
G:1127(1127)
-
D:1128(1128)
-
V:1129(1129)
-
H:1130(1130)
-
O:1131(1131)
-
I:1132(1132)
-
K:1133(1133)
-
R:1134(1134)
-
F:1135(1135)
-
Q:1136(1136)
-
Q:1137(1137)
-
S:1138(1138)
-
S:1139(1139)
-
F:1140(1140)
-
U:1141(1141)
-
D:1142(1142)
-
I:1143(1143)
-
P:1144(1144)
-
R:1145(1145)
-
L:1146(1146)
-
G:1147(1147)
-
S:1148(1148)
-
Q:1149(1149)
-
I:1150(1150)
-
A:1151(1151)
-
H:1152(1152)
-
I:1153(1153)
-
W:1154(1154)
-
P:1155(1155)
-
V:1156(1156)
-
S:1157(1157)
-
G:1158(1158)
-
N:1159(1159)
-
P:1160(1160)
-
C:1161(1161)
-
E:1162(1162)
-
F:1163(1163)
-
S:1164(1164)
-
T:1165(1165)
-
F:1166(1166)
-
F:1167(1167)
-
P:1168(1168)
-
Q:1169(1169)
-
M:1170(1170)
-
R:1171(1171)
-
T:1172(1172)
-
G:1173(1173)
-
K:1174(1174)
-
R:1175(1175)
-
O:1176(1176)
-
J:1177(1177)
-
F:1178(1178)
-
B:1179(1179)
-
S:1180(1180)
-
H:1181(1181)
-
W:1182(1182)
-
K:1183(1183)
-
T:1184(1184)
-
N:1185(1185)
-
E:1186(1186)
-
V:1187(1187)
-
J:1188(1188)
-
K:1189(1189)
-
Q:1190(1190)
-
J:1191(1191)
-
Z:1192(1192)
-
Y:1193(1193)
-
P:1194(1194)
-
L:1195(1195)
-
B:1196(1196)
-
V:1197(1197)
-
M:1198(1198)
-
N:1199(1199)
-
T:1200(1200)
-
V:1201(1201)
-
Y:1202(1202)
-
E:1203(1203)
-
W:1204(1204)
-
W:1205(1205)
-
N:1206(1206)
-
N:1207(1207)
-
X:1208(1208)
-
A:1209(1209)
-
H:1210(1210)
-
C:1211(1211)
-
F:1212(1212)
-
J:1213(1213)
-
F:1214(1214)
-
W:1215(1215)
-
D:1216(1216)
-
N:1217(1217)
-
H:1218(1218)
-
P:1219(1219)
-
F:1220(1220)
-
N:1221(1221)
-
U:1222(1222)
-
H:1223(1223)
-
J:1224(1224)
-
R:1225(1225)
-
U:1226(1226)
-
A:1227(1227)
-
L:1228(1228)
-
W:1229(1229)
-
O:1230(1230)
-
X:1231(1231)
-
D:1232(1232)
-
O:1233(1233)
-
Z:1234(1234)
-
Z:1235(1235)
-
H:1236(1236)
-
G:1237(1237)
-
L:1238(1238)
-
C:1239(1239)
-
R:1240(1240)
-
H:1241(1241)
-
K:1242(1242)
-
Y:1243(1243)
-
X:1244(1244)
-
F:1245(1245)
-
W:1246(1246)
-
M:1247(1247)
-
O:1248(1248)
-
I:1249(1249)
-
K:1250(1250)
-
Y:1251(1251)
-
D:1252(1252)
-
G:1253(1253)
-
J:1254(1254)
-
R:1255(1255)
-
U:1256(1256)
-
Q:1257(1257)
-
D:1258(1258)
-
L:1259(1259)
-
Z:1260(1260)
-
K:1261(1261)
-
Y:1262(1262)
-
K:1263(1263)
-
J:1264(1264)
-
W:1265(1265)
-
Y:1266(1266)
-
I:1267(1267)
-
A:1268(1268)
-
H:1269(1269)
-
H:1270(1270)
-
J:1271(1271)
-
L:1272(1272)
-
H:1273(1273)
-
F:1274(1274)
-
Q:1275(1275)
-
V:1276(1276)
-
H:1277(1277)
-
K:1278(1278)
-
U:1279(1279)
-
L:1280(1280)
-
D:1281(1281)
-
K:1282(1282)
-
W:1283(1283)
-
M:1284(1284)
-
N:1285(1285)
-
X:1286(1286)
-
F:1287(1287)
-
R:1288(1288)
-
U:1289(1289)
-
M:1290(1290)
-
X:1291(1291)
-
B:1292(1292)
-
C:1293(1293)
-
E:1294(1294)
-
Z:1295(1295)
-
G:1296(1296)
-
N:1297(1297)
-
T:1298(1298)
-
D:1299(1299)
-
Y:1300(1300)
-
J:1301(1301)
-
X:1302(1302)
-
H:1303(1303)
-
E:1304(1304)
-
S:1305(1305)
-
V:1306(1306)
-
Y:1307(1307)
-
W:1308(1308)
-
S:1309(1309)
-
E:1310(1310)
-
L:1311(1311)
-
Z:1312(1312)
-
R:1313(1313)
-
V:1314(1314)
-
T:1315(1315)
-
U:1316(1316)
-
W:1317(1317)
-
S:1318(1318)
-
D:1319(1319)
-
Y:1320(1320)
-
S:1321(1321)
-
H:1322(1322)
-
I:1323(1323)
-
P:1324(1324)
-
T:1325(1325)
-
L:1326(1326)
-
B:1327(1327)
-
Q:1328(1328)
-
J:1329(1329)
-
U:1330(1330)
-
G:1331(1331)
-
C:1332(1332)
-
E:1333(1333)
-
O:1334(1334)
-
J:1335(1335)
-
O:1336(1336)
-
I:1337(1337)
-
U:1338(1338)
-
W:1339(1339)
-
B:1340(1340)
-
D:1341(1341)
-
O:1342(1342)
-
P:1343(1343)
-
B:1344(1344)
-
C:1345(1345)
-
U:1346(1346)
-
Q:1347(1347)
-
G:1348(1348)
-
O:1349(1349)
-
Z:1350(1350)
-
U:1351(1351)
-
E:1352(1352)
-
U:1353(1353)
-
F:1354(1354)
-
P:1355(1355)
-
C:1356(1356)
-
I:1357(1357)
-
O:1358(1358)
-
S:1359(1359)
-
H:1360(1360)
-
O:1361(1361)
-
H:1362(1362)
-
D:1363(1363)
-
X:1364(1364)
-
J:1365(1365)
-
D:1366(1366)
-
R:1367(1367)
-
O:1368(1368)
-
U:1369(1369)
-
Y:1370(1370)
-
P:1371(1371)
-
K:1372(1372)
-
T:1373(1373)
-
J:1374(1374)
-
P:1375(1375)
-
U:1376(1376)
-
G:1377(1377)
-
H:1378(1378)
-
B:1379(1379)
-
Z:1380(1380)
-
P:1381(1381)
-
G:1382(1382)
-
A:1383(1383)
-
S:1384(1384)
-
P:1385(1385)
-
E:1386(1386)
-
U:1387(1387)
-
U:1388(1388)
-
V:1389(1389)
-
O:1390(1390)
-
B:1391(1391)
-
N:1392(1392)
-
Z:1393(1393)
-
F:1394(1394)
-
M:1395(1395)
-
D:1396(1396)
-
N:1397(1397)
-
J:1398(1398)
-
K:1399(1399)
-
R:1400(1400)
-
M:1401(1401)
-
V:1402(1402)
-
R:1403(1403)
-
V:1404(1404)
-
K:1405(1405)
-
T:1406(1406)
-
M:1407(1407)
-
W:1408(1408)
-
Z:1409(1409)
-
J:1410(1410)
-
H:1411(1411)
-
C:1412(1412)
-
T:1413(1413)
-
U:1414(1414)
-
Y:1415(1415)
-
F:1416(1416)
-
Y:1417(1417)
-
T:1418(1418)
-
A:1419(1419)
-
M:1420(1420)
-
K:1421(1421)
-
X:1422(1422)
-
B:1423(1423)
-
P:1424(1424)
-
S:1425(1425)
-
F:1426(1426)
-
R:1427(1427)
-
U:1428(1428)
-
Y:1429(1429)
-
T:1430(1430)
-
F:1431(1431)
-
W:1432(1432)
-
V:1433(1433)
-
S:1434(1434)
-
R:1435(1435)
-
C:1436(1436)
-
U:1437(1437)
-
C:1438(1438)
-
G:1439(1439)
-
P:1440(1440)
-
X:1441(1441)
-
D:1442(1442)
-
P:1443(1443)
-
L:1444(1444)
-
K:1445(1445)
-
G:1446(1446)
-
Y:1447(1447)
-
Z:1448(1448)
-
O:1449(1449)
-
V:1450(1450)
-
Q:1451(1451)
-
V:1452(1452)
-
C:1453(1453)
-
I:1454(1454)
-
T:1455(1455)
-
A:1456(1456)
-
V:1457(1457)
-
T:1458(1458)
-
E:1459(1459)
-
T:1460(1460)
-
Q:1461(1461)
-
F:1462(1462)
-
M:1463(1463)
-
O:1464(1464)
-
A:1465(1465)
-
K:1466(1466)
-
M:1467(1467)
-
T:1468(1468)
-
T:1469(1469)
-
B:1470(1470)
-
R:1471(1471)
-
W:1472(1472)
-
F:1473(1473)
-
X:1474(1474)
-
V:1475(1475)
-
Z:1476(1476)
-
R:1477(1477)
-
B:1478(1478)
-
N:1479(1479)
-
J:1480(1480)
-
B:1481(1481)
-
L:1482(1482)
-
Z:1483(1483)
-
Z:1484(1484)
-
J:1485(1485)
-
X:1486(1486)
-
V:1487(1487)
-
Y:1488(1488)
-
M:1489(1489)
-
F:1490(1490)
-
R:1491(1491)
-
Y:1492(1492)
-
X:1493(1493)
-
X:1494(1494)
-
S:1495(1495)
-
F:1496(1496)
-
Z:1497(1497)
-
C:1498(1498)
-
I:1499(1499)
-
A:1500(1500)
-
F:1501(1501)
-
F:1502(1502)
-
U:1503(1503)
-
B:1504(1504)
-
C:1505(1505)
-
S:1506(1506)
-
X:1507(1507)
-
Z:1508(1508)
-
M:1509(1509)
-
H:1510(1510)
-
M:1511(1511)
-
E:1512(1512)
-
K:1513(1513)
-
Z:1514(1514)
-
T:1515(1515)
-
C:1516(1516)
-
K:1517(1517)
-
S:1518(1518)
-
S:1519(1519)
-
H:1520(1520)
-
E:1521(1521)
-
P:1522(1522)
-
E:1523(1523)
-
C:1524(1524)
-
K:1525(1525)
-
S:1526(1526)
-
S:1527(1527)
-
N:1528(1528)
-
T:1529(1529)
-
L:1530(1530)
-
I:1531(1531)
-
W:1532(1532)
-
V:1533(1533)
-
Z:1534(1534)
-
V:1535(1535)
-
C:1536(1536)
-
H:1537(1537)
-
B:1538(1538)
-
F:1539(1539)
-
N:1540(1540)
-
L:1541(1541)
-
X:1542(1542)
-
I:1543(1543)
-
I:1544(1544)
-
K:1545(1545)
-
M:1546(1546)
-
G:1547(1547)
-
I:1548(1548)
-
G:1549(1549)
-
U:1550(1550)
-
L:1551(1551)
-
G:1552(1552)
-
A:1553(1553)
-
U:1554(1554)
-
N:1555(1555)
-
H:1556(1556)
-
P:1557(1557)
-
J:1558(1558)
-
E:1559(1559)
-
R:1560(1560)
-
W:1561(1561)
-
I:1562(1562)
-
O:1563(1563)
-
U:1564(1564)
-
R:1565(1565)
-
D:1566(1566)
-
F:1567(1567)
-
D:1568(1568)
-
B:1569(1569)
-
H:1570(1570)
-
U:1571(1571)
-
J:1572(1572)
-
K:1573(1573)
-
H:1574(1574)
-
F:1575(1575)
-
C:1576(1576)
-
H:1577(1577)
-
E:1578(1578)
-
V:1579(1579)
-
E:1580(1580)
-
U:1581(1581)
-
N:1582(1582)
-
N:1583(1583)
-
Q:1584(1584)
-
T:1585(1585)
-
Y:1586(1586)
-
L:1587(1587)
-
G:1588(1588)
-
D:1589(1589)
-
X:1590(1590)
-
D:1591(1591)
-
R:1592(1592)
-
P:1593(1593)
-
X:1594(1594)
-
U:1595(1595)
-
F:1596(1596)
-
U:1597(1597)
-
H:1598(1598)
-
G:1599(1599)
-
J:1600(1600)
-
S:1601(1601)
-
U:1602(1602)
-
I:1603(1603)
-
C:1604(1604)
-
X:1605(1605)
-
Q:1606(1606)
-
H:1607(1607)
-
R:1608(1608)
-
J:1609(1609)
-
N:1610(1610)
-
G:1611(1611)
-
T:1612(1612)
-
A:1613(1613)
-
I:1614(1614)
-
B:1615(1615)
-
K:1616(1616)
-
K:1617(1617)
-
B:1618(1618)
-
F:1619(1619)
-
W:1620(1620)
-
D:1621(1621)
-
I:1622(1622)
-
W:1623(1623)
-
U:1624(1624)
-
S:1625(1625)
-
O:1626(1626)
-
L:1627(1627)
-
H:1628(1628)
-
O:1629(1629)
-
X:1630(1630)
-
C:1631(1631)
-
M:1632(1632)
-
N:1633(1633)
-
L:1634(1634)
-
O:1635(1635)
-
R:1636(1636)
-
G:1637(1637)
-
B:1638(1638)
-
F:1639(1639)
-
X:1640(1640)
-
E:1641(1641)
-
D:1642(1642)
-
O:1643(1643)
-
M:1644(1644)
-
N:1645(1645)
-
Y:1646(1646)
-
X:1647(1647)
-
H:1648(1648)
-
B:1649(1649)
-
U:1650(1650)
-
A:1651(1651)
-
S:1652(1652)
-
H:1653(1653)
-
D:1654(1654)
-
Z:1655(1655)
-
X:1656(1656)
-
N:1657(1657)
-
R:1658(1658)
-
T:1659(1659)
-
I:1660(1660)
-
R:1661(1661)
-
Q:1662(1662)
-
B:1663(1663)
-
K:1664(1664)
-
H:1665(1665)
-
A:1666(1666)
-
W:1667(1667)
-
J:1668(1668)
-
K:1669(1669)
-
C:1670(1670)
-
A:1671(1671)
-
Y:1672(1672)
-
S:1673(1673)
-
D:1674(1674)
-
K:1675(1675)
-
A:1676(1676)
-
H:1677(1677)
-
S:1678(1678)
-
L:1679(1679)
-
W:1680(1680)
-
F:1681(1681)
-
Y:1682(1682)
-
H:1683(1683)
-
Y:1684(1684)
-
Z:1685(1685)
-
P:1686(1686)
-
X:1687(1687)
-
O:1688(1688)
-
O:1689(1689)
-
T:1690(1690)
-
J:1691(1691)
-
U:1692(1692)
-
C:1693(1693)
-
Q:1694(1694)
-
Q:1695(1695)
-
P:1696(1696)
-
V:1697(1697)
-
V:1698(1698)
-
V:1699(1699)
-
F:1700(1700)
-
A:1701(1701)
-
R:1702(1702)
-
O:1703(1703)
-
I:1704(1704)
-
W:1705(1705)
-
X:1706(1706)
-
M:1707(1707)
-
L:1708(1708)
-
W:1709(1709)
-
N:1710(1710)
-
X:1711(1711)
-
D:1712(1712)
-
Z:1713(1713)
-
L:1714(1714)
-
Q:1715(1715)
-
Y:1716(1716)
-
K:1717(1717)
-
J:1718(1718)
-
E:1719(1719)
-
A:1720(1720)
-
C:1721(1721)
-
T:1722(1722)
-
W:1723(1723)
-
F:1724(1724)
-
P:1725(1725)
-
X:1726(1726)
-
U:1727(1727)
-
E:1728(1728)
-
F:1729(1729)
-
Y:1730(1730)
-
Y:1731(1731)
-
X:1732(1732)
-
Z:1733(1733)
-
E:1734(1734)
-
F:1735(1735)
-
J:1736(1736)
-
D:1737(1737)
-
D:1738(1738)
-
X:1739(1739)
-
H:1740(1740)
-
L:1741(1741)
-
I:1742(1742)
-
X:1743(1743)
-
K:1744(1744)
-
I:1745(1745)
-
Z:1746(1746)
-
Q:1747(1747)
-
I:1748(1748)
-
H:1749(1749)
-
W:1750(1750)
-
W:1751(1751)
-
K:1752(1752)
-
Q:1753(1753)
-
R:1754(1754)
-
R:1755(1755)
-
W:1756(1756)
-
V:1757(1757)
-
C:1758(1758)
-
H:1759(1759)
-
I:1760(1760)
-
B:1761(1761)
-
K:1762(1762)
-
V:1763(1763)
-
H:1764(1764)
-
W:1765(1765)
-
X:1766(1766)
-
A:1767(1767)
-
R:1768(1768)
-
D:1769(1769)
-
V:1770(1770)
-
G:1771(1771)
-
A:1772(1772)
-
C:1773(1773)
-
P:1774(1774)
-
R:1775(1775)
-
X:1776(1776)
-
X:1777(1777)
-
U:1778(1778)
-
L:1779(1779)
-
B:1780(1780)
-
W:1781(1781)
-
J:1782(1782)
-
V:1783(1783)
-
E:1784(1784)
-
D:1785(1785)
-
F:1786(1786)
-
R:1787(1787)
-
U:1788(1788)
-
U:1789(1789)
-
J:1790(1790)
-
L:1791(1791)
-
W:1792(1792)
-
E:1793(1793)
-
S:1794(1794)
-
A:1795(1795)
-
A:1796(1796)
-
A:1797(1797)
-
N:1798(1798)
-
B:1799(1799)
-
O:1800(1800)
-
D:1801(1801)
-
Z:1802(1802)
-
E:1803(1803)
-
C:1804(1804)
-
U:1805(1805)
-
I:1806(1806)
-
Q:1807(1807)
-
R:1808(1808)
-
M:1809(1809)
-
J:1810(1810)
-
G:1811(1811)
-
C:1812(1812)
-
U:1813(1813)
-
H:1814(1814)
-
F:1815(1815)
-
A:1816(1816)
-
B:1817(1817)
-
U:1818(1818)
-
B:1819(1819)
-
J:1820(1820)
-
M:1821(1821)
-
U:1822(1822)
-
Y:1823(1823)
-
C:1824(1824)
-
G:1825(1825)
-
A:1826(1826)
-
L:1827(1827)
-
I:1828(1828)
-
R:1829(1829)
-
N:1830(1830)
-
B:1831(1831)
-
A:1832(1832)
-
I:1833(1833)
-
X:1834(1834)
-
S:1835(1835)
-
N:1836(1836)
-
K:1837(1837)
-
W:1838(1838)
-
H:1839(1839)
-
J:1840(1840)
-
L:1841(1841)
-
U:1842(1842)
-
H:1843(1843)
-
J:1844(1844)
-
L:1845(1845)
-
M:1846(1846)
-
C:1847(1847)
-
L:1848(1848)
-
N:1849(1849)
-
N:1850(1850)
-
X:1851(1851)
-
K:1852(1852)
-
X:1853(1853)
-
G:1854(1854)
-
T:1855(1855)
-
M:1856(1856)
-
M:1857(1857)
-
J:1858(1858)
-
H:1859(1859)
-
C:1860(1860)
-
V:1861(1861)
-
B:1862(1862)
-
O:1863(1863)
-
H:1864(1864)
-
R:1865(1865)
-
F:1866(1866)
-
A:1867(1867)
-
L:1868(1868)
-
I:1869(1869)
-
U:1870(1870)
-
J:1871(1871)
-
L:1872(1872)
-
D:1873(1873)
-
C:1874(1874)
-
F:1875(1875)
-
W:1876(1876)
-
O:1877(1877)
-
X:1878(1878)
-
W:1879(1879)
-
R:1880(1880)
-
F:1881(1881)
-
H:1882(1882)
-
J:1883(1883)
-
X:1884(1884)
-
C:1885(1885)
-
O:1886(1886)
-
A:1887(1887)
-
R:1888(1888)
-
T:1889(1889)
-
I:1890(1890)
-
J:1891(1891)
-
N:1892(1892)
-
Y:1893(1893)
-
W:1894(1894)
-
N:1895(1895)
-
W:1896(1896)
-
C:1897(1897)
-
N:1898(1898)
-
H:1899(1899)
-
D:1900(1900)
-
D:1901(1901)
-
D:1902(1902)
-
R:1903(1903)
-
W:1904(1904)
-
C:1905(1905)
-
K:1906(1906)
-
H:1907(1907)
-
Z:1908(1908)
-
H:1909(1909)
-
V:1910(1910)
-
N:1911(1911)
-
O:1912(1912)
-
V:1913(1913)
-
Q:1914(1914)
-
A:1915(1915)
-
J:1916(1916)
-
L:1917(1917)
-
Q:1918(1918)
-
Y:1919(1919)
-
H:1920(1920)
-
Z:1921(1921)
-
W:1922(1922)
-
I:1923(1923)
-
U:1924(1924)
-
Q:1925(1925)
-
H:1926(1926)
-
G:1927(1927)
-
L:1928(1928)
-
C:1929(1929)
-
R:1930(1930)
-
Q:1931(1931)
-
I:1932(1932)
-
K:1933(1933)
-
S:1934(1934)
-
A:1935(1935)
-
L:1936(1936)
-
R:1937(1937)
-
K:1938(1938)
-
P:1939(1939)
-
C:1940(1940)
-
I:1941(1941)
-
U:1942(1942)
-
Y:1943(1943)
-
L:1944(1944)
-
L:1945(1945)
-
L:1946(1946)
-
Z:1947(1947)
-
L:1948(1948)
-
H:1949(1949)
-
W:1950(1950)
-
L:1951(1951)
-
S:1952(1952)
-
A:1953(1953)
-
S:1954(1954)
-
N:1955(1955)
-
J:1956(1956)
-
A:1957(1957)
-
G:1958(1958)
-
G:1959(1959)
-
A:1960(1960)
-
B:1961(1961)
-
B:1962(1962)
-
H:1963(1963)
-
P:1964(1964)
-
L:1965(1965)
-
O:1966(1966)
-
I:1967(1967)
-
R:1968(1968)
-
T:1969(1969)
-
U:1970(1970)
-
S:1971(1971)
-
R:1972(1972)
-
Z:1973(1973)
-
C:1974(1974)
-
D:1975(1975)
-
U:1976(1976)
-
G:1977(1977)
-
I:1978(1978)
-
V:1979(1979)
-
I:1980(1980)
-
R:1981(1981)
-
B:1982(1982)
-
B:1983(1983)
-
W:1984(1984)
-
Z:1985(1985)
-
G:1986(1986)
-
M:1987(1987)
-
L:1988(1988)
-
D:1989(1989)
-
A:1990(1990)
-
Q:1991(1991)
-
V:1992(1992)
-
I:1993(1993)
-
J:1994(1994)
-
A:1995(1995)
-
B:1996(1996)
-
J:1997(1997)
-
V:1998(1998)
-
N:1999(1999)
-
V:2000(2000)
-
U:2001(2001)
-
D:2002(2002)
-
I:2003(2003)
-
P:2004(2004)
-
Z:2005(2005)
-
Q:2006(2006)
-
O:2007(2007)
-
Q:2008(2008)
-
Y:2009(2009)
-
Y:2010(2010)
-
C:2011(2011)
-
A:2012(2012)
-
N:2013(2013)
-
D:2014(2014)
-
W:2015(2015)
-
R:2016(2016)
-
H:2017(2017)
-
P:2018(2018)
-
B:2019(2019)
-
V:2020(2020)
-
S:2021(2021)
-
L:2022(2022)
-
K:2023(2023)
-
S:2024(2024)
-
D:2025(2025)
-
M:2026(2026)
-
L:2027(2027)
-
O:2028(2028)
-
H:2029(2029)
-
A:2030(2030)
-
Z:2031(2031)
-
T:2032(2032)
-
U:2033(2033)
-
O:2034(2034)
-
X:2035(2035)
-
R:2036(2036)
-
A:2037(2037)
-
I:2038(2038)
-
U:2039(2039)
-
V:2040(2040)
-
J:2041(2041)
-
D:2042(2042)
-
D:2043(2043)
-
E:2044(2044)
-
O:2045(2045)
-
M:2046(2046)
-
W:2047(2047)
-
P:2048(2048)
-
C:2049(2049)
-
Z:2050(2050)
-
X:2051(2051)
-
K:2052(2052)
-
F:2053(2053)
-
Q:2054(2054)
-
M:2055(2055)
-
M:2056(2056)
-
E:2057(2057)
-
D:2058(2058)
-
C:2059(2059)
-
V:2060(2060)
-
I:2061(2061)
-
A:2062(2062)
-
Q:2063(2063)
-
V:2064(2064)
-
K:2065(2065)
-
A:2066(2066)
-
J:2067(2067)
-
E:2068(2068)
-
N:2069(2069)
-
H:2070(2070)
-
R:2071(2071)
-
O:2072(2072)
-
N:2073(2073)
-
G:2074(2074)
-
A:2075(2075)
-
A:2076(2076)
-
D:2077(2077)
-
V:2078(2078)
-
L:2079(2079)
-
X:2080(2080)
-
T:2081(2081)
-
M:2082(2082)
-
L:2083(2083)
-
G:2084(2084)
-
G:2085(2085)
-
E:2086(2086)
-
D:2087(2087)
-
E:2088(2088)
-
V:2089(2089)
-
W:2090(2090)
-
L:2091(2091)
-
G:2092(2092)
-
I:2093(2093)
-
A:2094(2094)
-
P:2095(2095)
-
W:2096(2096)
-
R:2097(2097)
-
O:2098(2098)
-
T:2099(2099)
-
D:2100(2100)
-
W:2101(2101)
-
Q:2102(2102)
-
W:2103(2103)
-
A:2104(2104)
-
K:2105(2105)
-
Z:2106(2106)
-
U:2107(2107)
-
B:2108(2108)
-
Q:2109(2109)
-
S:2110(2110)
-
M:2111(2111)
-
D:2112(2112)
-
J:2113(2113)
-
B:2114(2114)
-
Y:2115(2115)
-
Q:2116(2116)
-
D:2117(2117)
-
Q:2118(2118)
-
U:2119(2119)
-
S:2120(2120)
-
S:2121(2121)
-
P:2122(2122)
-
J:2123(2123)
-
Q:2124(2124)
-
O:2125(2125)
-
W:2126(2126)
-
H:2127(2127)
-
P:2128(2128)
-
W:2129(2129)
-
B:2130(2130)
-
O:2131(2131)
-
U:2132(2132)
-
A:2133(2133)
-
U:2134(2134)
-
R:2135(2135)
-
N:2136(2136)
-
F:2137(2137)
-
R:2138(2138)
-
N:2139(2139)
-
T:2140(2140)
-
Y:2141(2141)
-
E:2142(2142)
-
P:2143(2143)
-
W:2144(2144)
-
L:2145(2145)
-
J:2146(2146)
-
G:2147(2147)
-
A:2148(2148)
-
D:2149(2149)
-
W:2150(2150)
-
N:2151(2151)
-
H:2152(2152)
-
Q:2153(2153)
-
L:2154(2154)
-
U:2155(2155)
-
S:2156(2156)
-
P:2157(2157)
-
Y:2158(2158)
-
U:2159(2159)
-
F:2160(2160)
-
T:2161(2161)
-
R:2162(2162)
-
A:2163(2163)
-
Y:2164(2164)
-
G:2165(2165)
-
G:2166(2166)
-
D:2167(2167)
-
D:2168(2168)
-
N:2169(2169)
-
U:2170(2170)
-
D:2171(2171)
-
B:2172(2172)
-
L:2173(2173)
-
N:2174(2174)
-
D:2175(2175)
-
Y:2176(2176)
-
T:2177(2177)
-
F:2178(2178)
-
R:2179(2179)
-
V:2180(2180)
-
R:2181(2181)
-
B:2182(2182)
-
C:2183(2183)
-
K:2184(2184)
-
H:2185(2185)
-
I:2186(2186)
-
T:2187(2187)
-
L:2188(2188)
-
C:2189(2189)
-
V:2190(2190)
-
F:2191(2191)
-
R:2192(2192)
-
Q:2193(2193)
-
P:2194(2194)
-
Y:2195(2195)
-
S:2196(2196)
-
K:2197(2197)
-
M:2198(2198)
-
G:2199(2199)
-
B:2200(2200)
-
M:2201(2201)
-
M:2202(2202)
-
T:2203(2203)
-
D:2204(2204)
-
A:2205(2205)
-
R:2206(2206)
-
T:2207(2207)
-
O:2208(2208)
-
N:2209(2209)
-
L:2210(2210)
-
U:2211(2211)
-
Y:2212(2212)
-
S:2213(2213)
-
V:2214(2214)
-
Y:2215(2215)
-
I:2216(2216)
-
H:2217(2217)
-
J:2218(2218)
-
O:2219(2219)
-
Z:2220(2220)
-
R:2221(2221)
-
B:2222(2222)
-
I:2223(2223)
-
O:2224(2224)
-
Y:2225(2225)
-
R:2226(2226)
-
N:2227(2227)
-
M:2228(2228)
-
X:2229(2229)
-
T:2230(2230)
-
F:2231(2231)
-
N:2232(2232)
-
F:2233(2233)
-
E:2234(2234)
-
J:2235(2235)
-
T:2236(2236)
-
V:2237(2237)
-
H:2238(2238)
-
R:2239(2239)
-
Y:2240(2240)
-
D:2241(2241)
-
M:2242(2242)
-
E:2243(2243)
-
G:2244(2244)
-
Z:2245(2245)
-
T:2246(2246)
-
U:2247(2247)
-
B:2248(2248)
-
S:2249(2249)
-
D:2250(2250)
-
V:2251(2251)
-
S:2252(2252)
-
Z:2253(2253)
-
L:2254(2254)
-
R:2255(2255)
-
P:2256(2256)
-
A:2257(2257)
-
W:2258(2258)
-
E:2259(2259)
-
L:2260(2260)
-
U:2261(2261)
-
W:2262(2262)
-
C:2263(2263)
-
V:2264(2264)
-
V:2265(2265)
-
Q:2266(2266)
-
O:2267(2267)
-
S:2268(2268)
-
N:2269(2269)
-
J:2270(2270)
-
F:2271(2271)
-
A:2272(2272)
-
Y:2273(2273)
-
X:2274(2274)
-
I:2275(2275)
-
D:2276(2276)
-
F:2277(2277)
-
I:2278(2278)
-
P:2279(2279)
-
I:2280(2280)
-
P:2281(2281)
-
M:2282(2282)
-
U:2283(2283)
-
F:2284(2284)
-
T:2285(2285)
-
N:2286(2286)
-
S:2287(2287)
-
J:2288(2288)
-
T:2289(2289)
-
W:2290(2290)
-
O:2291(2291)
-
M:2292(2292)
-
U:2293(2293)
-
N:2294(2294)
-
E:2295(2295)
-
N:2296(2296)
-
G:2297(2297)
-
K:2298(2298)
-
I:2299(2299)
-
D:2300(2300)
-
J:2301(2301)
-
W:2302(2302)
-
O:2303(2303)
-
B:2304(2304)
-
G:2305(2305)
-
O:2306(2306)
-
T:2307(2307)
-
V:2308(2308)
-
B:2309(2309)
-
E:2310(2310)
-
P:2311(2311)
-
B:2312(2312)
-
Z:2313(2313)
-
A:2314(2314)
-
W:2315(2315)
-
H:2316(2316)
-
M:2317(2317)
-
T:2318(2318)
-
R:2319(2319)
-
P:2320(2320)
-
L:2321(2321)
-
V:2322(2322)
-
T:2323(2323)
-
Q:2324(2324)
-
I:2325(2325)
-
Y:2326(2326)
-
L:2327(2327)
-
K:2328(2328)
-
U:2329(2329)
-
S:2330(2330)
-
A:2331(2331)
-
O:2332(2332)
-
I:2333(2333)
-
J:2334(2334)
-
C:2335(2335)
-
V:2336(2336)
-
A:2337(2337)
-
P:2338(2338)
-
N:2339(2339)
-
V:2340(2340)
-
L:2341(2341)
-
D:2342(2342)
-
R:2343(2343)
-
V:2344(2344)
-
C:2345(2345)
-
R:2346(2346)
-
M:2347(2347)
-
T:2348(2348)
-
A:2349(2349)
-
H:2350(2350)
-
E:2351(2351)
-
B:2352(2352)
-
Y:2353(2353)
-
Z:2354(2354)
-
G:2355(2355)
-
Y:2356(2356)
-
B:2357(2357)
-
J:2358(2358)
-
D:2359(2359)
-
M:2360(2360)
-
X:2361(2361)
-
T:2362(2362)
-
E:2363(2363)
-
Y:2364(2364)
-
K:2365(2365)
-
G:2366(2366)
-
X:2367(2367)
-
L:2368(2368)
-
G:2369(2369)
-
D:2370(2370)
-
Q:2371(2371)
-
X:2372(2372)
-
Y:2373(2373)
-
Y:2374(2374)
-
U:2375(2375)
-
U:2376(2376)
-
Q:2377(2377)
-
Y:2378(2378)
-
Q:2379(2379)
-
L:2380(2380)
-
N:2381(2381)
-
W:2382(2382)
-
O:2383(2383)
-
A:2384(2384)
-
M:2385(2385)
-
V:2386(2386)
-
A:2387(2387)
-
J:2388(2388)
-
O:2389(2389)
-
F:2390(2390)
-
M:2391(2391)
-
V:2392(2392)
-
C:2393(2393)
-
A:2394(2394)
-
F:2395(2395)
-
A:2396(2396)
-
T:2397(2397)
-
Z:2398(2398)
-
G:2399(2399)
-
Y:2400(2400)
-
Z:2401(2401)
-
W:2402(2402)
-
J:2403(2403)
-
V:2404(2404)
-
M:2405(2405)
-
Q:2406(2406)
-
X:2407(2407)
-
F:2408(2408)
-
J:2409(2409)
-
W:2410(2410)
-
L:2411(2411)
-
O:2412(2412)
-
F:2413(2413)
-
Y:2414(2414)
-
T:2415(2415)
-
H:2416(2416)
-
G:2417(2417)
-
C:2418(2418)
-
X:2419(2419)
-
R:2420(2420)
-
S:2421(2421)
-
L:2422(2422)
-
S:2423(2423)
-
V:2424(2424)
-
M:2425(2425)
-
K:2426(2426)
-
W:2427(2427)
-
N:2428(2428)
-
M:2429(2429)
-
C:2430(2430)
-
W:2431(2431)
-
W:2432(2432)
-
J:2433(2433)
-
B:2434(2434)
-
F:2435(2435)
-
F:2436(2436)
-
Z:2437(2437)
-
J:2438(2438)
-
X:2439(2439)
-
C:2440(2440)
-
Q:2441(2441)
-
T:2442(2442)
-
I:2443(2443)
-
V:2444(2444)
-
H:2445(2445)
-
J:2446(2446)
-
H:2447(2447)
-
B:2448(2448)
-
R:2449(2449)
-
Q:2450(2450)
-
X:2451(2451)
-
A:2452(2452)
-
C:2453(2453)
-
P:2454(2454)
-
J:2455(2455)
-
P:2456(2456)
-
H:2457(2457)
-
F:2458(2458)
-
V:2459(2459)
-
B:2460(2460)
-
X:2461(2461)
-
G:2462(2462)
-
I:2463(2463)
-
P:2464(2464)
-
C:2465(2465)
-
I:2466(2466)
-
C:2467(2467)
-
F:2468(2468)
-
W:2469(2469)
-
T:2470(2470)
-
M:2471(2471)
-
V:2472(2472)
-
N:2473(2473)
-
C:2474(2474)
-
U:2475(2475)
-
J:2476(2476)
-
Y:2477(2477)
-
X:2478(2478)
-
L:2479(2479)
-
I:2480(2480)
-
Z:2481(2481)
-
T:2482(2482)
-
T:2483(2483)
-
E:2484(2484)
-
Q:2485(2485)
-
S:2486(2486)
-
M:2487(2487)
-
E:2488(2488)
-
F:2489(2489)
-
Y:2490(2490)
-
G:2491(2491)
-
G:2492(2492)
-
S:2493(2493)
-
D:2494(2494)
-
Y:2495(2495)
-
U:2496(2496)
-
L:2497(2497)
-
L:2498(2498)
-
X:2499(2499)
-
L:2500(2500)
-
G:2501(2501)
-
K:2502(2502)
-
J:2503(2503)
-
L:2504(2504)
-
M:2505(2505)
-
F:2506(2506)
-
Y:2507(2507)
-
Z:2508(2508)
-
C:2509(2509)
-
K:2510(2510)
-
M:2511(2511)
-
F:2512(2512)
-
Y:2513(2513)
-
X:2514(2514)
-
B:2515(2515)
-
K:2516(2516)
-
K:2517(2517)
-
F:2518(2518)
-
N:2519(2519)
-
N:2520(2520)
-
L:2521(2521)
-
A:2522(2522)
-
K:2523(2523)
-
X:2524(2524)
-
Y:2525(2525)
-
L:2526(2526)
-
X:2527(2527)
-
F:2528(2528)
-
X:2529(2529)
-
V:2530(2530)
-
V:2531(2531)
-
P:2532(2532)
-
I:2533(2533)
-
B:2534(2534)
-
E:2535(2535)
-
P:2536(2536)
-
G:2537(2537)
-
D:2538(2538)
-
H:2539(2539)
-
R:2540(2540)
-
T:2541(2541)
-
B:2542(2542)
-
I:2543(2543)
-
Y:2544(2544)
-
G:2545(2545)
-
V:2546(2546)
-
E:2547(2547)
-
K:2548(2548)
-
R:2549(2549)
-
O:2550(2550)
-
H:2551(2551)
-
K:2552(2552)
-
P:2553(2553)
-
K:2554(2554)
-
G:2555(2555)
-
Z:2556(2556)
-
V:2557(2557)
-
I:2558(2558)
-
J:2559(2559)
-
B:2560(2560)
-
P:2561(2561)
-
R:2562(2562)
-
P:2563(2563)
-
R:2564(2564)
-
Y:2565(2565)
-
A:2566(2566)
-
V:2567(2567)
-
I:2568(2568)
-
D:2569(2569)
-
Q:2570(2570)
-
Z:2571(2571)
-
F:2572(2572)
-
X:2573(2573)
-
Q:2574(2574)
-
J:2575(2575)
-
S:2576(2576)
-
Z:2577(2577)
-
C:2578(2578)
-
F:2579(2579)
-
T:2580(2580)
-
N:2581(2581)
-
Z:2582(2582)
-
L:2583(2583)
-
F:2584(2584)
-
V:2585(2585)
-
Z:2586(2586)
-
J:2587(2587)
-
K:2588(2588)
-
O:2589(2589)
-
Y:2590(2590)
-
L:2591(2591)
-
T:2592(2592)
-
T:2593(2593)
-
S:2594(2594)
-
C:2595(2595)
-
K:2596(2596)
-
N:2597(2597)
-
E:2598(2598)
-
R:2599(2599)
-
Y:2600(2600)
-
H:2601(2601)
-
N:2602(2602)
-
Y:2603(2603)
-
E:2604(2604)
-
Y:2605(2605)
-
H:2606(2606)
-
S:2607(2607)
-
F:2608(2608)
-
U:2609(2609)
-
B:2610(2610)
-
T:2611(2611)
-
F:2612(2612)
-
N:2613(2613)
-
V:2614(2614)
-
Q:2615(2615)
-
S:2616(2616)
-
D:2617(2617)
-
L:2618(2618)
-
H:2619(2619)
-
Y:2620(2620)
-
H:2621(2621)
-
P:2622(2622)
-
S:2623(2623)
-
U:2624(2624)
-
I:2625(2625)
-
W:2626(2626)
-
N:2627(2627)
-
B:2628(2628)
-
R:2629(2629)
-
H:2630(2630)
-
X:2631(2631)
-
K:2632(2632)
-
D:2633(2633)
-
H:2634(2634)
-
X:2635(2635)
-
O:2636(2636)
-
M:2637(2637)
-
Q:2638(2638)
-
D:2639(2639)
-
D:2640(2640)
-
B:2641(2641)
-
P:2642(2642)
-
G:2643(2643)
-
R:2644(2644)
-
W:2645(2645)
-
O:2646(2646)
-
W:2647(2647)
-
O:2648(2648)
-
L:2649(2649)
-
F:2650(2650)
-
Q:2651(2651)
-
X:2652(2652)
-
E:2653(2653)
-
H:2654(2654)
-
R:2655(2655)
-
Q:2656(2656)
-
H:2657(2657)
-
V:2658(2658)
-
M:2659(2659)
-
L:2660(2660)
-
G:2661(2661)
-
T:2662(2662)
-
O:2663(2663)
-
Y:2664(2664)
-
V:2665(2665)
-
U:2666(2666)
-
F:2667(2667)
-
E:2668(2668)
-
B:2669(2669)
-
X:2670(2670)
-
R:2671(2671)
-
O:2672(2672)
-
J:2673(2673)
-
L:2674(2674)
-
Q:2675(2675)
-
Z:2676(2676)
-
M:2677(2677)
-
N:2678(2678)
-
H:2679(2679)
-
R:2680(2680)
-
Z:2681(2681)
-
J:2682(2682)
-
D:2683(2683)
-
X:2684(2684)
-
D:2685(2685)
-
E:2686(2686)
-
C:2687(2687)
-
T:2688(2688)
-
G:2689(2689)
-
O:2690(2690)
-
S:2691(2691)
-
D:2692(2692)
-
U:2693(2693)
-
C:2694(2694)
-
I:2695(2695)
-
A:2696(2696)
-
M:2697(2697)
-
Z:2698(2698)
-
X:2699(2699)
-
S:2700(2700)
-
G:2701(2701)
-
M:2702(2702)
-
L:2703(2703)
-
Y:2704(2704)
-
K:2705(2705)
-
R:2706(2706)
-
Y:2707(2707)
-
F:2708(2708)
-
M:2709(2709)
-
O:2710(2710)
-
F:2711(2711)
-
L:2712(2712)
-
A:2713(2713)
-
C:2714(2714)
-
U:2715(2715)
-
H:2716(2716)
-
F:2717(2717)
-
A:2718(2718)
-
N:2719(2719)
-
U:2720(2720)
-
F:2721(2721)
-
R:2722(2722)
-
J:2723(2723)
-
Q:2724(2724)
-
Z:2725(2725)
-
V:2726(2726)
-
F:2727(2727)
-
X:2728(2728)
-
N:2729(2729)
-
C:2730(2730)
-
Q:2731(2731)
-
P:2732(2732)
-
O:2733(2733)
-
G:2734(2734)
-
O:2735(2735)
-
A:2736(2736)
-
W:2737(2737)
-
I:2738(2738)
-
W:2739(2739)
-
A:2740(2740)
-
Q:2741(2741)
-
J:2742(2742)
-
C:2743(2743)
-
J:2744(2744)
-
A:2745(2745)
-
S:2746(2746)
-
Q:2747(2747)
-
J:2748(2748)
-
E:2749(2749)
-
T:2750(2750)
-
M:2751(2751)
-
M:2752(2752)
-
U:2753(2753)
-
D:2754(2754)
-
G:2755(2755)
-
M:2756(2756)
-
L:2757(2757)
-
A:2758(2758)
-
O:2759(2759)
-
I:2760(2760)
-
H:2761(2761)
-
L:2762(2762)
-
J:2763(2763)
-
Q:2764(2764)
-
T:2765(2765)
-
C:2766(2766)
-
D:2767(2767)
-
S:2768(2768)
-
C:2769(2769)
-
U:2770(2770)
-
Q:2771(2771)
-
S:2772(2772)
-
B:2773(2773)
-
L:2774(2774)
-
S:2775(2775)
-
V:2776(2776)
-
W:2777(2777)
-
X:2778(2778)
-
K:2779(2779)
-
Q:2780(2780)
-
N:2781(2781)
-
J:2782(2782)
-
G:2783(2783)
-
T:2784(2784)
-
C:2785(2785)
-
K:2786(2786)
-
Y:2787(2787)
-
U:2788(2788)
-
R:2789(2789)
-
V:2790(2790)
-
O:2791(2791)
-
L:2792(2792)
-
Z:2793(2793)
-
S:2794(2794)
-
T:2795(2795)
-
W:2796(2796)
-
T:2797(2797)
-
D:2798(2798)
-
H:2799(2799)
-
S:2800(2800)
-
B:2801(2801)
-
F:2802(2802)
-
S:2803(2803)
-
B:2804(2804)
-
U:2805(2805)
-
H:2806(2806)
-
L:2807(2807)
-
X:2808(2808)
-
S:2809(2809)
-
C:2810(2810)
-
Z:2811(2811)
-
D:2812(2812)
-
F:2813(2813)
-
A:2814(2814)
-
W:2815(2815)
-
E:2816(2816)
-
X:2817(2817)
-
E:2818(2818)
-
O:2819(2819)
-
B:2820(2820)
-
Y:2821(2821)
-
H:2822(2822)
-
M:2823(2823)
-
P:2824(2824)
-
Q:2825(2825)
-
F:2826(2826)
-
M:2827(2827)
-
R:2828(2828)
-
O:2829(2829)
-
Z:2830(2830)
-
Z:2831(2831)
-
F:2832(2832)
-
U:2833(2833)
-
K:2834(2834)
-
Z:2835(2835)
-
H:2836(2836)
-
C:2837(2837)
-
T:2838(2838)
-
G:2839(2839)
-
G:2840(2840)
-
W:2841(2841)
-
D:2842(2842)
-
B:2843(2843)
-
L:2844(2844)
-
E:2845(2845)
-
L:2846(2846)
-
A:2847(2847)
-
I:2848(2848)
-
W:2849(2849)
-
S:2850(2850)
-
F:2851(2851)
-
X:2852(2852)
-
S:2853(2853)
-
B:2854(2854)
-
B:2855(2855)
-
U:2856(2856)
-
H:2857(2857)
-
E:2858(2858)
-
C:2859(2859)
-
N:2860(2860)
-
P:2861(2861)
-
X:2862(2862)
-
F:2863(2863)
-
M:2864(2864)
-
Z:2865(2865)
-
V:2866(2866)
-
I:2867(2867)
-
H:2868(2868)
-
H:2869(2869)
-
G:2870(2870)
-
T:2871(2871)
-
K:2872(2872)
-
R:2873(2873)
-
R:2874(2874)
-
O:2875(2875)
-
C:2876(2876)
-
Z:2877(2877)
-
I:2878(2878)
-
L:2879(2879)
-
F:2880(2880)
-
O:2881(2881)
-
U:2882(2882)
-
Q:2883(2883)
-
E:2884(2884)
-
T:2885(2885)
-
Z:2886(2886)
-
K:2887(2887)
-
H:2888(2888)
-
N:2889(2889)
-
J:2890(2890)
-
T:2891(2891)
-
E:2892(2892)
-
D:2893(2893)
-
F:2894(2894)
-
V:2895(2895)
-
H:2896(2896)
-
J:2897(2897)
-
T:2898(2898)
-
M:2899(2899)
-
A:2900(2900)
-
R:2901(2901)
-
U:2902(2902)
-
M:2903(2903)
-
R:2904(2904)
-
J:2905(2905)
-
V:2906(2906)
-
D:2907(2907)
-
P:2908(2908)
-
E:2909(2909)
-
C:2910(2910)
-
C:2911(2911)
-
L:2912(2912)
-
C:2913(2913)
-
G:2914(2914)
-
V:2915(2915)
-
Q:2916(2916)
-
D:2917(2917)
-
D:2918(2918)
-
X:2919(2919)
-
L:2920(2920)
-
R:2921(2921)
-
D:2922(2922)
-
U:2923(2923)
-
R:2924(2924)
-
T:2925(2925)
-
D:2926(2926)
-
A:2927(2927)
-
G:2928(2928)
-
E:2929(2929)
-
E:2930(2930)
-
W:2931(2931)
-
D:2932(2932)
-
U:2933(2933)
-
N:2934(2934)
-
H:2935(2935)
-
N:2936(2936)
-
K:2937(2937)
-
S:2938(2938)
-
K:2939(2939)
-
I:2940(2940)
-
A:2941(2941)
-
T:2942(2942)
-
R:2943(2943)
-
L:2944(2944)
-
C:2945(2945)
-
W:2946(2946)
-
C:2947(2947)
-
S:2948(2948)
-
D:2949(2949)
-
P:2950(2950)
-
W:2951(2951)
-
A:2952(2952)
-
A:2953(2953)
-
I:2954(2954)
-
K:2955(2955)
-
L:2956(2956)
-
V:2957(2957)
-
Q:2958(2958)
-
O:2959(2959)
-
B:2960(2960)
-
O:2961(2961)
-
N:2962(2962)
-
V:2963(2963)
-
M:2964(2964)
-
Y:2965(2965)
-
P:2966(2966)
-
C:2967(2967)
-
Y:2968(2968)
-
H:2969(2969)
-
L:2970(2970)
-
H:2971(2971)
-
P:2972(2972)
-
J:2973(2973)
-
J:2974(2974)
-
U:2975(2975)
-
L:2976(2976)
-
I:2977(2977)
-
N:2978(2978)
-
V:2979(2979)
-
P:2980(2980)
-
S:2981(2981)
-
E:2982(2982)
-
G:2983(2983)
-
E:2984(2984)
-
W:2985(2985)
-
E:2986(2986)
-
U:2987(2987)
-
R:2988(2988)
-
F:2989(2989)
-
C:2990(2990)
-
L:2991(2991)
-
A:2992(2992)
-
K:2993(2993)
-
Y:2994(2994)
-
Y:2995(2995)
-
F:2996(2996)
-
Q:2997(2997)
-
F:2998(2998)
-
H:2999(2999)